[INFO  - 2017-04-10T16:53:21.330Z] GhostDriver - Main - running on port 20904
[INFO  - 2017-04-10T16:53:21.472Z] Session [3458a6d0-1e0e-11e7-ad26-ffe4c0bb6528] - page.settings - {"XSSAuditingEnabled":false,"javascriptCanCloseWindows":true,"javascriptCanOpenWindows":true,"javascriptEnabled":true,"loadImages":true,"localToRemoteUrlAccessEnabled":false,"userAgent":"Mozilla/5.0 (Unknown; Linux x86_64) AppleWebKit/538.1 (KHTML, like Gecko) PhantomJS/2.1.1 Safari/538.1","webSecurityEnabled":true}
[INFO  - 2017-04-10T16:53:21.472Z] Session [3458a6d0-1e0e-11e7-ad26-ffe4c0bb6528] - page.customHeaders:  - {}
[INFO  - 2017-04-10T16:53:21.473Z] Session [3458a6d0-1e0e-11e7-ad26-ffe4c0bb6528] - Session.negotiatedCapabilities - {"browserName":"phantomjs","version":"2.1.1","driverName":"ghostdriver","driverVersion":"1.2.0","platform":"linux-unknown-64bit","javascriptEnabled":true,"takesScreenshot":true,"handlesAlerts":false,"databaseEnabled":false,"locationContextEnabled":false,"applicationCacheEnabled":false,"browserConnectionEnabled":false,"cssSelectorsEnabled":true,"webStorageEnabled":false,"rotatable":false,"acceptSslCerts":false,"nativeEvents":true,"proxy":{"proxyType":"direct"}}
[INFO  - 2017-04-10T16:53:21.473Z] SessionManagerReqHand - _postNewSessionCommand - New Session Created: 3458a6d0-1e0e-11e7-ad26-ffe4c0bb6528
[INFO  - 2017-04-10T16:53:22.300Z] ShutdownReqHand - _handle - About to shutdown
[INFO  - 2017-04-10T16:54:20.708Z] GhostDriver - Main - running on port 23061
[INFO  - 2017-04-10T16:54:20.802Z] Session [57b5b0f0-1e0e-11e7-837a-5bb5b26252a6] - page.settings - {"XSSAuditingEnabled":false,"javascriptCanCloseWindows":true,"javascriptCanOpenWindows":true,"javascriptEnabled":true,"loadImages":true,"localToRemoteUrlAccessEnabled":false,"userAgent":"Mozilla/5.0 (Unknown; Linux x86_64) AppleWebKit/538.1 (KHTML, like Gecko) PhantomJS/2.1.1 Safari/538.1","webSecurityEnabled":true}
[INFO  - 2017-04-10T16:54:20.803Z] Session [57b5b0f0-1e0e-11e7-837a-5bb5b26252a6] - page.customHeaders:  - {}
[INFO  - 2017-04-10T16:54:20.803Z] Session [57b5b0f0-1e0e-11e7-837a-5bb5b26252a6] - Session.negotiatedCapabilities - {"browserName":"phantomjs","version":"2.1.1","driverName":"ghostdriver","driverVersion":"1.2.0","platform":"linux-unknown-64bit","javascriptEnabled":true,"takesScreenshot":true,"handlesAlerts":false,"databaseEnabled":false,"locationContextEnabled":false,"applicationCacheEnabled":false,"browserConnectionEnabled":false,"cssSelectorsEnabled":true,"webStorageEnabled":false,"rotatable":false,"acceptSslCerts":false,"nativeEvents":true,"proxy":{"proxyType":"direct"}}
[INFO  - 2017-04-10T16:54:20.803Z] SessionManagerReqHand - _postNewSessionCommand - New Session Created: 57b5b0f0-1e0e-11e7-837a-5bb5b26252a6
[INFO  - 2017-04-10T16:54:21.316Z] ShutdownReqHand - _handle - About to shutdown
[INFO  - 2017-04-10T16:54:33.460Z] GhostDriver - Main - running on port 10209
[INFO  - 2017-04-10T16:54:33.549Z] Session [5f4e9390-1e0e-11e7-9c45-09da808d9929] - page.settings - {"XSSAuditingEnabled":false,"javascriptCanCloseWindows":true,"javascriptCanOpenWindows":true,"javascriptEnabled":true,"loadImages":true,"localToRemoteUrlAccessEnabled":false,"userAgent":"Mozilla/5.0 (Unknown; Linux x86_64) AppleWebKit/538.1 (KHTML, like Gecko) PhantomJS/2.1.1 Safari/538.1","webSecurityEnabled":true}
[INFO  - 2017-04-10T16:54:33.549Z] Session [5f4e9390-1e0e-11e7-9c45-09da808d9929] - page.customHeaders:  - {}
[INFO  - 2017-04-10T16:54:33.549Z] Session [5f4e9390-1e0e-11e7-9c45-09da808d9929] - Session.negotiatedCapabilities - {"browserName":"phantomjs","version":"2.1.1","driverName":"ghostdriver","driverVersion":"1.2.0","platform":"linux-unknown-64bit","javascriptEnabled":true,"takesScreenshot":true,"handlesAlerts":false,"databaseEnabled":false,"locationContextEnabled":false,"applicationCacheEnabled":false,"browserConnectionEnabled":false,"cssSelectorsEnabled":true,"webStorageEnabled":false,"rotatable":false,"acceptSslCerts":false,"nativeEvents":true,"proxy":{"proxyType":"direct"}}
[INFO  - 2017-04-10T16:54:33.549Z] SessionManagerReqHand - _postNewSessionCommand - New Session Created: 5f4e9390-1e0e-11e7-9c45-09da808d9929
[INFO  - 2017-04-10T16:54:34.040Z] ShutdownReqHand - _handle - About to shutdown
[INFO  - 2017-04-10T16:57:08.468Z] GhostDriver - Main - running on port 29596
[INFO  - 2017-04-10T16:57:08.560Z] Session [bbb387d0-1e0e-11e7-bba1-ebe3ee395041] - page.settings - {"XSSAuditingEnabled":false,"javascriptCanCloseWindows":true,"javascriptCanOpenWindows":true,"javascriptEnabled":true,"loadImages":true,"localToRemoteUrlAccessEnabled":false,"userAgent":"Mozilla/5.0 (Unknown; Linux x86_64) AppleWebKit/538.1 (KHTML, like Gecko) PhantomJS/2.1.1 Safari/538.1","webSecurityEnabled":true}
[INFO  - 2017-04-10T16:57:08.560Z] Session [bbb387d0-1e0e-11e7-bba1-ebe3ee395041] - page.customHeaders:  - {}
[INFO  - 2017-04-10T16:57:08.561Z] Session [bbb387d0-1e0e-11e7-bba1-ebe3ee395041] - Session.negotiatedCapabilities - {"browserName":"phantomjs","version":"2.1.1","driverName":"ghostdriver","driverVersion":"1.2.0","platform":"linux-unknown-64bit","javascriptEnabled":true,"takesScreenshot":true,"handlesAlerts":false,"databaseEnabled":false,"locationContextEnabled":false,"applicationCacheEnabled":false,"browserConnectionEnabled":false,"cssSelectorsEnabled":true,"webStorageEnabled":false,"rotatable":false,"acceptSslCerts":false,"nativeEvents":true,"proxy":{"proxyType":"direct"}}
[INFO  - 2017-04-10T16:57:08.561Z] SessionManagerReqHand - _postNewSessionCommand - New Session Created: bbb387d0-1e0e-11e7-bba1-ebe3ee395041
[INFO  - 2017-04-10T16:57:09.156Z] ShutdownReqHand - _handle - About to shutdown
[INFO  - 2017-04-10T17:00:34.186Z] GhostDriver - Main - running on port 22447
[INFO  - 2017-04-10T17:00:34.283Z] Session [36525e80-1e0f-11e7-a644-f190842aa9ce] - page.settings - {"XSSAuditingEnabled":false,"javascriptCanCloseWindows":true,"javascriptCanOpenWindows":true,"javascriptEnabled":true,"loadImages":true,"localToRemoteUrlAccessEnabled":false,"userAgent":"Mozilla/5.0 (Unknown; Linux x86_64) AppleWebKit/538.1 (KHTML, like Gecko) PhantomJS/2.1.1 Safari/538.1","webSecurityEnabled":true}
[INFO  - 2017-04-10T17:00:34.284Z] Session [36525e80-1e0f-11e7-a644-f190842aa9ce] - page.customHeaders:  - {}
[INFO  - 2017-04-10T17:00:34.284Z] Session [36525e80-1e0f-11e7-a644-f190842aa9ce] - Session.negotiatedCapabilities - {"browserName":"phantomjs","version":"2.1.1","driverName":"ghostdriver","driverVersion":"1.2.0","platform":"linux-unknown-64bit","javascriptEnabled":true,"takesScreenshot":true,"handlesAlerts":false,"databaseEnabled":false,"locationContextEnabled":false,"applicationCacheEnabled":false,"browserConnectionEnabled":false,"cssSelectorsEnabled":true,"webStorageEnabled":false,"rotatable":false,"acceptSslCerts":false,"nativeEvents":true,"proxy":{"proxyType":"direct"}}
[INFO  - 2017-04-10T17:00:34.284Z] SessionManagerReqHand - _postNewSessionCommand - New Session Created: 36525e80-1e0f-11e7-a644-f190842aa9ce
[INFO  - 2017-04-10T17:00:37.776Z] ShutdownReqHand - _handle - About to shutdown
[INFO  - 2017-04-10T17:01:53.066Z] GhostDriver - Main - running on port 16361
[INFO  - 2017-04-10T17:01:53.157Z] Session [65559620-1e0f-11e7-aa03-e5d4447e37b1] - page.settings - {"XSSAuditingEnabled":false,"javascriptCanCloseWindows":true,"javascriptCanOpenWindows":true,"javascriptEnabled":true,"loadImages":true,"localToRemoteUrlAccessEnabled":false,"userAgent":"Mozilla/5.0 (Unknown; Linux x86_64) AppleWebKit/538.1 (KHTML, like Gecko) PhantomJS/2.1.1 Safari/538.1","webSecurityEnabled":true}
[INFO  - 2017-04-10T17:01:53.157Z] Session [65559620-1e0f-11e7-aa03-e5d4447e37b1] - page.customHeaders:  - {}
[INFO  - 2017-04-10T17:01:53.157Z] Session [65559620-1e0f-11e7-aa03-e5d4447e37b1] - Session.negotiatedCapabilities - {"browserName":"phantomjs","version":"2.1.1","driverName":"ghostdriver","driverVersion":"1.2.0","platform":"linux-unknown-64bit","javascriptEnabled":true,"takesScreenshot":true,"handlesAlerts":false,"databaseEnabled":false,"locationContextEnabled":false,"applicationCacheEnabled":false,"browserConnectionEnabled":false,"cssSelectorsEnabled":true,"webStorageEnabled":false,"rotatable":false,"acceptSslCerts":false,"nativeEvents":true,"proxy":{"proxyType":"direct"}}
[INFO  - 2017-04-10T17:01:53.158Z] SessionManagerReqHand - _postNewSessionCommand - New Session Created: 65559620-1e0f-11e7-aa03-e5d4447e37b1
[INFO  - 2017-04-10T17:01:56.444Z] ShutdownReqHand - _handle - About to shutdown
[INFO  - 2017-04-10T17:04:08.202Z] GhostDriver - Main - running on port 31362
[INFO  - 2017-04-10T17:04:08.294Z] Session [b5e1db30-1e0f-11e7-a426-11bcceab584a] - page.settings - {"XSSAuditingEnabled":false,"javascriptCanCloseWindows":true,"javascriptCanOpenWindows":true,"javascriptEnabled":true,"loadImages":true,"localToRemoteUrlAccessEnabled":false,"userAgent":"Mozilla/5.0 (Unknown; Linux x86_64) AppleWebKit/538.1 (KHTML, like Gecko) PhantomJS/2.1.1 Safari/538.1","webSecurityEnabled":true}
[INFO  - 2017-04-10T17:04:08.294Z] Session [b5e1db30-1e0f-11e7-a426-11bcceab584a] - page.customHeaders:  - {}
[INFO  - 2017-04-10T17:04:08.294Z] Session [b5e1db30-1e0f-11e7-a426-11bcceab584a] - Session.negotiatedCapabilities - {"browserName":"phantomjs","version":"2.1.1","driverName":"ghostdriver","driverVersion":"1.2.0","platform":"linux-unknown-64bit","javascriptEnabled":true,"takesScreenshot":true,"handlesAlerts":false,"databaseEnabled":false,"locationContextEnabled":false,"applicationCacheEnabled":false,"browserConnectionEnabled":false,"cssSelectorsEnabled":true,"webStorageEnabled":false,"rotatable":false,"acceptSslCerts":false,"nativeEvents":true,"proxy":{"proxyType":"direct"}}
[INFO  - 2017-04-10T17:04:08.295Z] SessionManagerReqHand - _postNewSessionCommand - New Session Created: b5e1db30-1e0f-11e7-a426-11bcceab584a
[INFO  - 2017-04-10T17:04:08.892Z] ShutdownReqHand - _handle - About to shutdown
[INFO  - 2017-04-10T17:07:12.397Z] GhostDriver - Main - running on port 31054
[INFO  - 2017-04-10T17:07:12.485Z] Session [23ab2c20-1e10-11e7-b8e6-a7190a3fc827] - page.settings - {"XSSAuditingEnabled":false,"javascriptCanCloseWindows":true,"javascriptCanOpenWindows":true,"javascriptEnabled":true,"loadImages":true,"localToRemoteUrlAccessEnabled":false,"userAgent":"Mozilla/5.0 (Unknown; Linux x86_64) AppleWebKit/538.1 (KHTML, like Gecko) PhantomJS/2.1.1 Safari/538.1","webSecurityEnabled":true}
[INFO  - 2017-04-10T17:07:12.485Z] Session [23ab2c20-1e10-11e7-b8e6-a7190a3fc827] - page.customHeaders:  - {}
[INFO  - 2017-04-10T17:07:12.485Z] Session [23ab2c20-1e10-11e7-b8e6-a7190a3fc827] - Session.negotiatedCapabilities - {"browserName":"phantomjs","version":"2.1.1","driverName":"ghostdriver","driverVersion":"1.2.0","platform":"linux-unknown-64bit","javascriptEnabled":true,"takesScreenshot":true,"handlesAlerts":false,"databaseEnabled":false,"locationContextEnabled":false,"applicationCacheEnabled":false,"browserConnectionEnabled":false,"cssSelectorsEnabled":true,"webStorageEnabled":false,"rotatable":false,"acceptSslCerts":false,"nativeEvents":true,"proxy":{"proxyType":"direct"}}
[INFO  - 2017-04-10T17:07:12.485Z] SessionManagerReqHand - _postNewSessionCommand - New Session Created: 23ab2c20-1e10-11e7-b8e6-a7190a3fc827
[INFO  - 2017-04-10T17:07:13.076Z] ShutdownReqHand - _handle - About to shutdown
[INFO  - 2017-04-10T17:08:01.389Z] GhostDriver - Main - running on port 6370
[INFO  - 2017-04-10T17:08:01.501Z] Session [40e26ba0-1e10-11e7-8444-8331a5fa5e2f] - page.settings - {"XSSAuditingEnabled":false,"javascriptCanCloseWindows":true,"javascriptCanOpenWindows":true,"javascriptEnabled":true,"loadImages":true,"localToRemoteUrlAccessEnabled":false,"userAgent":"Mozilla/5.0 (Unknown; Linux x86_64) AppleWebKit/538.1 (KHTML, like Gecko) PhantomJS/2.1.1 Safari/538.1","webSecurityEnabled":true}
[INFO  - 2017-04-10T17:08:01.501Z] Session [40e26ba0-1e10-11e7-8444-8331a5fa5e2f] - page.customHeaders:  - {}
[INFO  - 2017-04-10T17:08:01.501Z] Session [40e26ba0-1e10-11e7-8444-8331a5fa5e2f] - Session.negotiatedCapabilities - {"browserName":"phantomjs","version":"2.1.1","driverName":"ghostdriver","driverVersion":"1.2.0","platform":"linux-unknown-64bit","javascriptEnabled":true,"takesScreenshot":true,"handlesAlerts":false,"databaseEnabled":false,"locationContextEnabled":false,"applicationCacheEnabled":false,"browserConnectionEnabled":false,"cssSelectorsEnabled":true,"webStorageEnabled":false,"rotatable":false,"acceptSslCerts":false,"nativeEvents":true,"proxy":{"proxyType":"direct"}}
[INFO  - 2017-04-10T17:08:01.501Z] SessionManagerReqHand - _postNewSessionCommand - New Session Created: 40e26ba0-1e10-11e7-8444-8331a5fa5e2f
[INFO  - 2017-04-10T17:08:02.095Z] ShutdownReqHand - _handle - About to shutdown
[INFO  - 2017-04-10T17:08:02.512Z] GhostDriver - Main - running on port 25456
[INFO  - 2017-04-10T17:08:02.524Z] Session [417e8490-1e10-11e7-bc25-4351729e0c7c] - page.settings - {"XSSAuditingEnabled":false,"javascriptCanCloseWindows":true,"javascriptCanOpenWindows":true,"javascriptEnabled":true,"loadImages":true,"localToRemoteUrlAccessEnabled":false,"userAgent":"Mozilla/5.0 (Unknown; Linux x86_64) AppleWebKit/538.1 (KHTML, like Gecko) PhantomJS/2.1.1 Safari/538.1","webSecurityEnabled":true}
[INFO  - 2017-04-10T17:08:02.524Z] Session [417e8490-1e10-11e7-bc25-4351729e0c7c] - page.customHeaders:  - {}
[INFO  - 2017-04-10T17:08:02.525Z] Session [417e8490-1e10-11e7-bc25-4351729e0c7c] - Session.negotiatedCapabilities - {"browserName":"phantomjs","version":"2.1.1","driverName":"ghostdriver","driverVersion":"1.2.0","platform":"linux-unknown-64bit","javascriptEnabled":true,"takesScreenshot":true,"handlesAlerts":false,"databaseEnabled":false,"locationContextEnabled":false,"applicationCacheEnabled":false,"browserConnectionEnabled":false,"cssSelectorsEnabled":true,"webStorageEnabled":false,"rotatable":false,"acceptSslCerts":false,"nativeEvents":true,"proxy":{"proxyType":"direct"}}
[INFO  - 2017-04-10T17:08:02.525Z] SessionManagerReqHand - _postNewSessionCommand - New Session Created: 417e8490-1e10-11e7-bc25-4351729e0c7c
[INFO  - 2017-04-10T17:08:03.563Z] ShutdownReqHand - _handle - About to shutdown
[INFO  - 2017-04-10T17:44:23.220Z] GhostDriver - Main - running on port 23916
[INFO  - 2017-04-10T17:44:23.309Z] Session [55580db0-1e15-11e7-805d-254c01350c67] - page.settings - {"XSSAuditingEnabled":false,"javascriptCanCloseWindows":true,"javascriptCanOpenWindows":true,"javascriptEnabled":true,"loadImages":true,"localToRemoteUrlAccessEnabled":false,"userAgent":"Mozilla/5.0 (Unknown; Linux x86_64) AppleWebKit/538.1 (KHTML, like Gecko) PhantomJS/2.1.1 Safari/538.1","webSecurityEnabled":true}
[INFO  - 2017-04-10T17:44:23.309Z] Session [55580db0-1e15-11e7-805d-254c01350c67] - page.customHeaders:  - {}
[INFO  - 2017-04-10T17:44:23.309Z] Session [55580db0-1e15-11e7-805d-254c01350c67] - Session.negotiatedCapabilities - {"browserName":"phantomjs","version":"2.1.1","driverName":"ghostdriver","driverVersion":"1.2.0","platform":"linux-unknown-64bit","javascriptEnabled":true,"takesScreenshot":true,"handlesAlerts":false,"databaseEnabled":false,"locationContextEnabled":false,"applicationCacheEnabled":false,"browserConnectionEnabled":false,"cssSelectorsEnabled":true,"webStorageEnabled":false,"rotatable":false,"acceptSslCerts":false,"nativeEvents":true,"proxy":{"proxyType":"direct"}}
[INFO  - 2017-04-10T17:44:23.310Z] SessionManagerReqHand - _postNewSessionCommand - New Session Created: 55580db0-1e15-11e7-805d-254c01350c67
[INFO  - 2017-04-10T17:44:26.583Z] ShutdownReqHand - _handle - About to shutdown
[INFO  - 2017-04-10T17:44:26.983Z] GhostDriver - Main - running on port 24798
[INFO  - 2017-04-10T17:44:26.997Z] Session [578aa520-1e15-11e7-be9f-aded48f4d794] - page.settings - {"XSSAuditingEnabled":false,"javascriptCanCloseWindows":true,"javascriptCanOpenWindows":true,"javascriptEnabled":true,"loadImages":true,"localToRemoteUrlAccessEnabled":false,"userAgent":"Mozilla/5.0 (Unknown; Linux x86_64) AppleWebKit/538.1 (KHTML, like Gecko) PhantomJS/2.1.1 Safari/538.1","webSecurityEnabled":true}
[INFO  - 2017-04-10T17:44:26.997Z] Session [578aa520-1e15-11e7-be9f-aded48f4d794] - page.customHeaders:  - {}
[INFO  - 2017-04-10T17:44:26.997Z] Session [578aa520-1e15-11e7-be9f-aded48f4d794] - Session.negotiatedCapabilities - {"browserName":"phantomjs","version":"2.1.1","driverName":"ghostdriver","driverVersion":"1.2.0","platform":"linux-unknown-64bit","javascriptEnabled":true,"takesScreenshot":true,"handlesAlerts":false,"databaseEnabled":false,"locationContextEnabled":false,"applicationCacheEnabled":false,"browserConnectionEnabled":false,"cssSelectorsEnabled":true,"webStorageEnabled":false,"rotatable":false,"acceptSslCerts":false,"nativeEvents":true,"proxy":{"proxyType":"direct"}}
[INFO  - 2017-04-10T17:44:26.997Z] SessionManagerReqHand - _postNewSessionCommand - New Session Created: 578aa520-1e15-11e7-be9f-aded48f4d794
[ERROR - 2017-04-10T17:44:33.446Z] WebElementLocator - _handleLocateCommand - Element(s) NOT Found: GAVE UP. Search Stop Time: 1491846273436
[INFO  - 2017-04-10T17:44:33.667Z] ShutdownReqHand - _handle - About to shutdown
[INFO  - 2017-04-10T17:46:29.505Z] GhostDriver - Main - running on port 18395
[INFO  - 2017-04-10T17:46:29.590Z] Session [a09cda30-1e15-11e7-a850-03558a3d101a] - page.settings - {"XSSAuditingEnabled":false,"javascriptCanCloseWindows":true,"javascriptCanOpenWindows":true,"javascriptEnabled":true,"loadImages":true,"localToRemoteUrlAccessEnabled":false,"userAgent":"Mozilla/5.0 (Unknown; Linux x86_64) AppleWebKit/538.1 (KHTML, like Gecko) PhantomJS/2.1.1 Safari/538.1","webSecurityEnabled":true}
[INFO  - 2017-04-10T17:46:29.590Z] Session [a09cda30-1e15-11e7-a850-03558a3d101a] - page.customHeaders:  - {}
[INFO  - 2017-04-10T17:46:29.591Z] Session [a09cda30-1e15-11e7-a850-03558a3d101a] - Session.negotiatedCapabilities - {"browserName":"phantomjs","version":"2.1.1","driverName":"ghostdriver","driverVersion":"1.2.0","platform":"linux-unknown-64bit","javascriptEnabled":true,"takesScreenshot":true,"handlesAlerts":false,"databaseEnabled":false,"locationContextEnabled":false,"applicationCacheEnabled":false,"browserConnectionEnabled":false,"cssSelectorsEnabled":true,"webStorageEnabled":false,"rotatable":false,"acceptSslCerts":false,"nativeEvents":true,"proxy":{"proxyType":"direct"}}
[INFO  - 2017-04-10T17:46:29.591Z] SessionManagerReqHand - _postNewSessionCommand - New Session Created: a09cda30-1e15-11e7-a850-03558a3d101a
[INFO  - 2017-04-10T17:46:34.639Z] ShutdownReqHand - _handle - About to shutdown
[INFO  - 2017-04-10T17:46:35.024Z] GhostDriver - Main - running on port 25398
[INFO  - 2017-04-10T17:46:35.037Z] Session [a3dbffa0-1e15-11e7-b4cb-3f95c6c15cee] - page.settings - {"XSSAuditingEnabled":false,"javascriptCanCloseWindows":true,"javascriptCanOpenWindows":true,"javascriptEnabled":true,"loadImages":true,"localToRemoteUrlAccessEnabled":false,"userAgent":"Mozilla/5.0 (Unknown; Linux x86_64) AppleWebKit/538.1 (KHTML, like Gecko) PhantomJS/2.1.1 Safari/538.1","webSecurityEnabled":true}
[INFO  - 2017-04-10T17:46:35.037Z] Session [a3dbffa0-1e15-11e7-b4cb-3f95c6c15cee] - page.customHeaders:  - {}
[INFO  - 2017-04-10T17:46:35.037Z] Session [a3dbffa0-1e15-11e7-b4cb-3f95c6c15cee] - Session.negotiatedCapabilities - {"browserName":"phantomjs","version":"2.1.1","driverName":"ghostdriver","driverVersion":"1.2.0","platform":"linux-unknown-64bit","javascriptEnabled":true,"takesScreenshot":true,"handlesAlerts":false,"databaseEnabled":false,"locationContextEnabled":false,"applicationCacheEnabled":false,"browserConnectionEnabled":false,"cssSelectorsEnabled":true,"webStorageEnabled":false,"rotatable":false,"acceptSslCerts":false,"nativeEvents":true,"proxy":{"proxyType":"direct"}}
[INFO  - 2017-04-10T17:46:35.037Z] SessionManagerReqHand - _postNewSessionCommand - New Session Created: a3dbffa0-1e15-11e7-b4cb-3f95c6c15cee
[ERROR - 2017-04-10T17:46:41.461Z] WebElementLocator - _handleLocateCommand - Element(s) NOT Found: GAVE UP. Search Stop Time: 1491846401423
[INFO  - 2017-04-10T17:46:41.687Z] ShutdownReqHand - _handle - About to shutdown
[INFO  - 2017-04-10T17:47:29.312Z] GhostDriver - Main - running on port 17244
[INFO  - 2017-04-10T17:47:29.401Z] Session [c4434960-1e15-11e7-ad98-abfc5eaac6cb] - page.settings - {"XSSAuditingEnabled":false,"javascriptCanCloseWindows":true,"javascriptCanOpenWindows":true,"javascriptEnabled":true,"loadImages":true,"localToRemoteUrlAccessEnabled":false,"userAgent":"Mozilla/5.0 (Unknown; Linux x86_64) AppleWebKit/538.1 (KHTML, like Gecko) PhantomJS/2.1.1 Safari/538.1","webSecurityEnabled":true}
[INFO  - 2017-04-10T17:47:29.401Z] Session [c4434960-1e15-11e7-ad98-abfc5eaac6cb] - page.customHeaders:  - {}
[INFO  - 2017-04-10T17:47:29.401Z] Session [c4434960-1e15-11e7-ad98-abfc5eaac6cb] - Session.negotiatedCapabilities - {"browserName":"phantomjs","version":"2.1.1","driverName":"ghostdriver","driverVersion":"1.2.0","platform":"linux-unknown-64bit","javascriptEnabled":true,"takesScreenshot":true,"handlesAlerts":false,"databaseEnabled":false,"locationContextEnabled":false,"applicationCacheEnabled":false,"browserConnectionEnabled":false,"cssSelectorsEnabled":true,"webStorageEnabled":false,"rotatable":false,"acceptSslCerts":false,"nativeEvents":true,"proxy":{"proxyType":"direct"}}
[INFO  - 2017-04-10T17:47:29.401Z] SessionManagerReqHand - _postNewSessionCommand - New Session Created: c4434960-1e15-11e7-ad98-abfc5eaac6cb
[INFO  - 2017-04-10T17:47:32.568Z] ShutdownReqHand - _handle - About to shutdown
[INFO  - 2017-04-10T17:47:32.994Z] GhostDriver - Main - running on port 4966
[INFO  - 2017-04-10T17:47:33.006Z] Session [c66984c0-1e15-11e7-b2b4-89d8d217ac3b] - page.settings - {"XSSAuditingEnabled":false,"javascriptCanCloseWindows":true,"javascriptCanOpenWindows":true,"javascriptEnabled":true,"loadImages":true,"localToRemoteUrlAccessEnabled":false,"userAgent":"Mozilla/5.0 (Unknown; Linux x86_64) AppleWebKit/538.1 (KHTML, like Gecko) PhantomJS/2.1.1 Safari/538.1","webSecurityEnabled":true}
[INFO  - 2017-04-10T17:47:33.007Z] Session [c66984c0-1e15-11e7-b2b4-89d8d217ac3b] - page.customHeaders:  - {}
[INFO  - 2017-04-10T17:47:33.007Z] Session [c66984c0-1e15-11e7-b2b4-89d8d217ac3b] - Session.negotiatedCapabilities - {"browserName":"phantomjs","version":"2.1.1","driverName":"ghostdriver","driverVersion":"1.2.0","platform":"linux-unknown-64bit","javascriptEnabled":true,"takesScreenshot":true,"handlesAlerts":false,"databaseEnabled":false,"locationContextEnabled":false,"applicationCacheEnabled":false,"browserConnectionEnabled":false,"cssSelectorsEnabled":true,"webStorageEnabled":false,"rotatable":false,"acceptSslCerts":false,"nativeEvents":true,"proxy":{"proxyType":"direct"}}
[INFO  - 2017-04-10T17:47:33.007Z] SessionManagerReqHand - _postNewSessionCommand - New Session Created: c66984c0-1e15-11e7-b2b4-89d8d217ac3b
[ERROR - 2017-04-10T17:47:39.441Z] WebElementLocator - _handleLocateCommand - Element(s) NOT Found: GAVE UP. Search Stop Time: 1491846459416
[INFO  - 2017-04-10T17:47:39.707Z] ShutdownReqHand - _handle - About to shutdown
[INFO  - 2017-04-10T17:48:32.032Z] GhostDriver - Main - running on port 25589
[INFO  - 2017-04-10T17:48:32.119Z] Session [e9a54b40-1e15-11e7-9a14-432fd099510b] - page.settings - {"XSSAuditingEnabled":false,"javascriptCanCloseWindows":true,"javascriptCanOpenWindows":true,"javascriptEnabled":true,"loadImages":true,"localToRemoteUrlAccessEnabled":false,"userAgent":"Mozilla/5.0 (Unknown; Linux x86_64) AppleWebKit/538.1 (KHTML, like Gecko) PhantomJS/2.1.1 Safari/538.1","webSecurityEnabled":true}
[INFO  - 2017-04-10T17:48:32.119Z] Session [e9a54b40-1e15-11e7-9a14-432fd099510b] - page.customHeaders:  - {}
[INFO  - 2017-04-10T17:48:32.119Z] Session [e9a54b40-1e15-11e7-9a14-432fd099510b] - Session.negotiatedCapabilities - {"browserName":"phantomjs","version":"2.1.1","driverName":"ghostdriver","driverVersion":"1.2.0","platform":"linux-unknown-64bit","javascriptEnabled":true,"takesScreenshot":true,"handlesAlerts":false,"databaseEnabled":false,"locationContextEnabled":false,"applicationCacheEnabled":false,"browserConnectionEnabled":false,"cssSelectorsEnabled":true,"webStorageEnabled":false,"rotatable":false,"acceptSslCerts":false,"nativeEvents":true,"proxy":{"proxyType":"direct"}}
[INFO  - 2017-04-10T17:48:32.119Z] SessionManagerReqHand - _postNewSessionCommand - New Session Created: e9a54b40-1e15-11e7-9a14-432fd099510b
[INFO  - 2017-04-10T17:48:35.291Z] ShutdownReqHand - _handle - About to shutdown
[INFO  - 2017-04-10T17:48:35.784Z] GhostDriver - Main - running on port 9765
[INFO  - 2017-04-10T17:48:35.839Z] Session [ebdcebc0-1e15-11e7-9215-85ed4d6d57b5] - page.settings - {"XSSAuditingEnabled":false,"javascriptCanCloseWindows":true,"javascriptCanOpenWindows":true,"javascriptEnabled":true,"loadImages":true,"localToRemoteUrlAccessEnabled":false,"userAgent":"Mozilla/5.0 (Unknown; Linux x86_64) AppleWebKit/538.1 (KHTML, like Gecko) PhantomJS/2.1.1 Safari/538.1","webSecurityEnabled":true}
[INFO  - 2017-04-10T17:48:35.839Z] Session [ebdcebc0-1e15-11e7-9215-85ed4d6d57b5] - page.customHeaders:  - {}
[INFO  - 2017-04-10T17:48:35.839Z] Session [ebdcebc0-1e15-11e7-9215-85ed4d6d57b5] - Session.negotiatedCapabilities - {"browserName":"phantomjs","version":"2.1.1","driverName":"ghostdriver","driverVersion":"1.2.0","platform":"linux-unknown-64bit","javascriptEnabled":true,"takesScreenshot":true,"handlesAlerts":false,"databaseEnabled":false,"locationContextEnabled":false,"applicationCacheEnabled":false,"browserConnectionEnabled":false,"cssSelectorsEnabled":true,"webStorageEnabled":false,"rotatable":false,"acceptSslCerts":false,"nativeEvents":true,"proxy":{"proxyType":"direct"}}
[INFO  - 2017-04-10T17:48:35.839Z] SessionManagerReqHand - _postNewSessionCommand - New Session Created: ebdcebc0-1e15-11e7-9215-85ed4d6d57b5
[ERROR - 2017-04-10T17:48:42.350Z] WebElementLocator - _handleLocateCommand - Element(s) NOT Found: GAVE UP. Search Stop Time: 1491846522325
[INFO  - 2017-04-10T17:48:42.579Z] ShutdownReqHand - _handle - About to shutdown
[INFO  - 2017-04-10T17:50:06.719Z] GhostDriver - Main - running on port 17752
[INFO  - 2017-04-10T17:50:06.805Z] Session [22153b20-1e16-11e7-a8a0-23859d808c76] - page.settings - {"XSSAuditingEnabled":false,"javascriptCanCloseWindows":true,"javascriptCanOpenWindows":true,"javascriptEnabled":true,"loadImages":true,"localToRemoteUrlAccessEnabled":false,"userAgent":"Mozilla/5.0 (Unknown; Linux x86_64) AppleWebKit/538.1 (KHTML, like Gecko) PhantomJS/2.1.1 Safari/538.1","webSecurityEnabled":true}
[INFO  - 2017-04-10T17:50:06.805Z] Session [22153b20-1e16-11e7-a8a0-23859d808c76] - page.customHeaders:  - {}
[INFO  - 2017-04-10T17:50:06.805Z] Session [22153b20-1e16-11e7-a8a0-23859d808c76] - Session.negotiatedCapabilities - {"browserName":"phantomjs","version":"2.1.1","driverName":"ghostdriver","driverVersion":"1.2.0","platform":"linux-unknown-64bit","javascriptEnabled":true,"takesScreenshot":true,"handlesAlerts":false,"databaseEnabled":false,"locationContextEnabled":false,"applicationCacheEnabled":false,"browserConnectionEnabled":false,"cssSelectorsEnabled":true,"webStorageEnabled":false,"rotatable":false,"acceptSslCerts":false,"nativeEvents":true,"proxy":{"proxyType":"direct"}}
[INFO  - 2017-04-10T17:50:06.805Z] SessionManagerReqHand - _postNewSessionCommand - New Session Created: 22153b20-1e16-11e7-a8a0-23859d808c76
[INFO  - 2017-04-10T17:50:10.060Z] ShutdownReqHand - _handle - About to shutdown
[INFO  - 2017-04-10T17:50:10.464Z] GhostDriver - Main - running on port 7003
[INFO  - 2017-04-10T17:50:10.474Z] Session [24451370-1e16-11e7-8e9a-c5ac0ed68fab] - page.settings - {"XSSAuditingEnabled":false,"javascriptCanCloseWindows":true,"javascriptCanOpenWindows":true,"javascriptEnabled":true,"loadImages":true,"localToRemoteUrlAccessEnabled":false,"userAgent":"Mozilla/5.0 (Unknown; Linux x86_64) AppleWebKit/538.1 (KHTML, like Gecko) PhantomJS/2.1.1 Safari/538.1","webSecurityEnabled":true}
[INFO  - 2017-04-10T17:50:10.474Z] Session [24451370-1e16-11e7-8e9a-c5ac0ed68fab] - page.customHeaders:  - {}
[INFO  - 2017-04-10T17:50:10.474Z] Session [24451370-1e16-11e7-8e9a-c5ac0ed68fab] - Session.negotiatedCapabilities - {"browserName":"phantomjs","version":"2.1.1","driverName":"ghostdriver","driverVersion":"1.2.0","platform":"linux-unknown-64bit","javascriptEnabled":true,"takesScreenshot":true,"handlesAlerts":false,"databaseEnabled":false,"locationContextEnabled":false,"applicationCacheEnabled":false,"browserConnectionEnabled":false,"cssSelectorsEnabled":true,"webStorageEnabled":false,"rotatable":false,"acceptSslCerts":false,"nativeEvents":true,"proxy":{"proxyType":"direct"}}
[INFO  - 2017-04-10T17:50:10.474Z] SessionManagerReqHand - _postNewSessionCommand - New Session Created: 24451370-1e16-11e7-8e9a-c5ac0ed68fab
[ERROR - 2017-04-10T17:50:16.964Z] WebElementLocator - _handleLocateCommand - Element(s) NOT Found: GAVE UP. Search Stop Time: 1491846616948
[INFO  - 2017-04-10T17:50:30.516Z] GhostDriver - Main - running on port 11457
[INFO  - 2017-04-10T17:50:30.627Z] Session [30485510-1e16-11e7-8992-13589b0376d2] - page.settings - {"XSSAuditingEnabled":false,"javascriptCanCloseWindows":true,"javascriptCanOpenWindows":true,"javascriptEnabled":true,"loadImages":true,"localToRemoteUrlAccessEnabled":false,"userAgent":"Mozilla/5.0 (Unknown; Linux x86_64) AppleWebKit/538.1 (KHTML, like Gecko) PhantomJS/2.1.1 Safari/538.1","webSecurityEnabled":true}
[INFO  - 2017-04-10T17:50:30.627Z] Session [30485510-1e16-11e7-8992-13589b0376d2] - page.customHeaders:  - {}
[INFO  - 2017-04-10T17:50:30.628Z] Session [30485510-1e16-11e7-8992-13589b0376d2] - Session.negotiatedCapabilities - {"browserName":"phantomjs","version":"2.1.1","driverName":"ghostdriver","driverVersion":"1.2.0","platform":"linux-unknown-64bit","javascriptEnabled":true,"takesScreenshot":true,"handlesAlerts":false,"databaseEnabled":false,"locationContextEnabled":false,"applicationCacheEnabled":false,"browserConnectionEnabled":false,"cssSelectorsEnabled":true,"webStorageEnabled":false,"rotatable":false,"acceptSslCerts":false,"nativeEvents":true,"proxy":{"proxyType":"direct"}}
[INFO  - 2017-04-10T17:50:30.628Z] SessionManagerReqHand - _postNewSessionCommand - New Session Created: 30485510-1e16-11e7-8992-13589b0376d2
[INFO  - 2017-04-10T17:50:33.771Z] ShutdownReqHand - _handle - About to shutdown
[INFO  - 2017-04-10T17:50:34.144Z] GhostDriver - Main - running on port 9270
[INFO  - 2017-04-10T17:50:34.155Z] Session [32628280-1e16-11e7-af70-ad04b153ca25] - page.settings - {"XSSAuditingEnabled":false,"javascriptCanCloseWindows":true,"javascriptCanOpenWindows":true,"javascriptEnabled":true,"loadImages":true,"localToRemoteUrlAccessEnabled":false,"userAgent":"Mozilla/5.0 (Unknown; Linux x86_64) AppleWebKit/538.1 (KHTML, like Gecko) PhantomJS/2.1.1 Safari/538.1","webSecurityEnabled":true}
[INFO  - 2017-04-10T17:50:34.155Z] Session [32628280-1e16-11e7-af70-ad04b153ca25] - page.customHeaders:  - {}
[INFO  - 2017-04-10T17:50:34.155Z] Session [32628280-1e16-11e7-af70-ad04b153ca25] - Session.negotiatedCapabilities - {"browserName":"phantomjs","version":"2.1.1","driverName":"ghostdriver","driverVersion":"1.2.0","platform":"linux-unknown-64bit","javascriptEnabled":true,"takesScreenshot":true,"handlesAlerts":false,"databaseEnabled":false,"locationContextEnabled":false,"applicationCacheEnabled":false,"browserConnectionEnabled":false,"cssSelectorsEnabled":true,"webStorageEnabled":false,"rotatable":false,"acceptSslCerts":false,"nativeEvents":true,"proxy":{"proxyType":"direct"}}
[INFO  - 2017-04-10T17:50:34.155Z] SessionManagerReqHand - _postNewSessionCommand - New Session Created: 32628280-1e16-11e7-af70-ad04b153ca25
[INFO  - 2017-04-10T17:50:34.798Z] ShutdownReqHand - _handle - About to shutdown
[INFO  - 2017-04-10T17:51:12.139Z] GhostDriver - Main - running on port 19543
[INFO  - 2017-04-10T17:51:12.230Z] Session [49142420-1e16-11e7-95f8-9d25da581886] - page.settings - {"XSSAuditingEnabled":false,"javascriptCanCloseWindows":true,"javascriptCanOpenWindows":true,"javascriptEnabled":true,"loadImages":true,"localToRemoteUrlAccessEnabled":false,"userAgent":"Mozilla/5.0 (Unknown; Linux x86_64) AppleWebKit/538.1 (KHTML, like Gecko) PhantomJS/2.1.1 Safari/538.1","webSecurityEnabled":true}
[INFO  - 2017-04-10T17:51:12.230Z] Session [49142420-1e16-11e7-95f8-9d25da581886] - page.customHeaders:  - {}
[INFO  - 2017-04-10T17:51:12.230Z] Session [49142420-1e16-11e7-95f8-9d25da581886] - Session.negotiatedCapabilities - {"browserName":"phantomjs","version":"2.1.1","driverName":"ghostdriver","driverVersion":"1.2.0","platform":"linux-unknown-64bit","javascriptEnabled":true,"takesScreenshot":true,"handlesAlerts":false,"databaseEnabled":false,"locationContextEnabled":false,"applicationCacheEnabled":false,"browserConnectionEnabled":false,"cssSelectorsEnabled":true,"webStorageEnabled":false,"rotatable":false,"acceptSslCerts":false,"nativeEvents":true,"proxy":{"proxyType":"direct"}}
[INFO  - 2017-04-10T17:51:12.230Z] SessionManagerReqHand - _postNewSessionCommand - New Session Created: 49142420-1e16-11e7-95f8-9d25da581886
[INFO  - 2017-04-10T17:51:15.380Z] ShutdownReqHand - _handle - About to shutdown
[INFO  - 2017-04-10T17:51:15.818Z] GhostDriver - Main - running on port 23387
[INFO  - 2017-04-10T17:51:15.831Z] Session [4b39c340-1e16-11e7-b5ea-35b1ad21e31a] - page.settings - {"XSSAuditingEnabled":false,"javascriptCanCloseWindows":true,"javascriptCanOpenWindows":true,"javascriptEnabled":true,"loadImages":true,"localToRemoteUrlAccessEnabled":false,"userAgent":"Mozilla/5.0 (Unknown; Linux x86_64) AppleWebKit/538.1 (KHTML, like Gecko) PhantomJS/2.1.1 Safari/538.1","webSecurityEnabled":true}
[INFO  - 2017-04-10T17:51:15.831Z] Session [4b39c340-1e16-11e7-b5ea-35b1ad21e31a] - page.customHeaders:  - {}
[INFO  - 2017-04-10T17:51:15.831Z] Session [4b39c340-1e16-11e7-b5ea-35b1ad21e31a] - Session.negotiatedCapabilities - {"browserName":"phantomjs","version":"2.1.1","driverName":"ghostdriver","driverVersion":"1.2.0","platform":"linux-unknown-64bit","javascriptEnabled":true,"takesScreenshot":true,"handlesAlerts":false,"databaseEnabled":false,"locationContextEnabled":false,"applicationCacheEnabled":false,"browserConnectionEnabled":false,"cssSelectorsEnabled":true,"webStorageEnabled":false,"rotatable":false,"acceptSslCerts":false,"nativeEvents":true,"proxy":{"proxyType":"direct"}}
[INFO  - 2017-04-10T17:51:15.831Z] SessionManagerReqHand - _postNewSessionCommand - New Session Created: 4b39c340-1e16-11e7-b5ea-35b1ad21e31a
[INFO  - 2017-04-10T17:51:16.815Z] ShutdownReqHand - _handle - About to shutdown
[INFO  - 2017-04-10T17:55:10.464Z] SessionManagerReqHand - _cleanupWindowlessSessions - Asynchronous Sessions clean-up phase starting NOW
[INFO  - 2017-04-10T17:56:28.559Z] GhostDriver - Main - running on port 29702
[INFO  - 2017-04-10T17:56:28.654Z] Session [05aec3b0-1e17-11e7-9c91-cbd49b27c91a] - page.settings - {"XSSAuditingEnabled":false,"javascriptCanCloseWindows":true,"javascriptCanOpenWindows":true,"javascriptEnabled":true,"loadImages":true,"localToRemoteUrlAccessEnabled":false,"userAgent":"Mozilla/5.0 (Unknown; Linux x86_64) AppleWebKit/538.1 (KHTML, like Gecko) PhantomJS/2.1.1 Safari/538.1","webSecurityEnabled":true}
[INFO  - 2017-04-10T17:56:28.654Z] Session [05aec3b0-1e17-11e7-9c91-cbd49b27c91a] - page.customHeaders:  - {}
[INFO  - 2017-04-10T17:56:28.655Z] Session [05aec3b0-1e17-11e7-9c91-cbd49b27c91a] - Session.negotiatedCapabilities - {"browserName":"phantomjs","version":"2.1.1","driverName":"ghostdriver","driverVersion":"1.2.0","platform":"linux-unknown-64bit","javascriptEnabled":true,"takesScreenshot":true,"handlesAlerts":false,"databaseEnabled":false,"locationContextEnabled":false,"applicationCacheEnabled":false,"browserConnectionEnabled":false,"cssSelectorsEnabled":true,"webStorageEnabled":false,"rotatable":false,"acceptSslCerts":false,"nativeEvents":true,"proxy":{"proxyType":"direct"}}
[INFO  - 2017-04-10T17:56:28.655Z] SessionManagerReqHand - _postNewSessionCommand - New Session Created: 05aec3b0-1e17-11e7-9c91-cbd49b27c91a
[INFO  - 2017-04-10T17:56:32.828Z] ShutdownReqHand - _handle - About to shutdown
[INFO  - 2017-04-10T17:56:33.239Z] GhostDriver - Main - running on port 1629
[INFO  - 2017-04-10T17:56:33.252Z] Session [086c5d10-1e17-11e7-8bfc-b36522f2e93e] - page.settings - {"XSSAuditingEnabled":false,"javascriptCanCloseWindows":true,"javascriptCanOpenWindows":true,"javascriptEnabled":true,"loadImages":true,"localToRemoteUrlAccessEnabled":false,"userAgent":"Mozilla/5.0 (Unknown; Linux x86_64) AppleWebKit/538.1 (KHTML, like Gecko) PhantomJS/2.1.1 Safari/538.1","webSecurityEnabled":true}
[INFO  - 2017-04-10T17:56:33.252Z] Session [086c5d10-1e17-11e7-8bfc-b36522f2e93e] - page.customHeaders:  - {}
[INFO  - 2017-04-10T17:56:33.252Z] Session [086c5d10-1e17-11e7-8bfc-b36522f2e93e] - Session.negotiatedCapabilities - {"browserName":"phantomjs","version":"2.1.1","driverName":"ghostdriver","driverVersion":"1.2.0","platform":"linux-unknown-64bit","javascriptEnabled":true,"takesScreenshot":true,"handlesAlerts":false,"databaseEnabled":false,"locationContextEnabled":false,"applicationCacheEnabled":false,"browserConnectionEnabled":false,"cssSelectorsEnabled":true,"webStorageEnabled":false,"rotatable":false,"acceptSslCerts":false,"nativeEvents":true,"proxy":{"proxyType":"direct"}}
[INFO  - 2017-04-10T17:56:33.252Z] SessionManagerReqHand - _postNewSessionCommand - New Session Created: 086c5d10-1e17-11e7-8bfc-b36522f2e93e
[ERROR - 2017-04-10T17:56:40.828Z] WebElementLocator - _handleLocateCommand - Element(s) NOT Found: GAVE UP. Search Stop Time: 1491847000815
[INFO  - 2017-04-10T17:56:41.059Z] ShutdownReqHand - _handle - About to shutdown
[INFO  - 2017-04-10T17:57:31.167Z] GhostDriver - Main - running on port 23128
[INFO  - 2017-04-10T17:57:31.256Z] Session [2aff3960-1e17-11e7-a6ed-c5b412045c4b] - page.settings - {"XSSAuditingEnabled":false,"javascriptCanCloseWindows":true,"javascriptCanOpenWindows":true,"javascriptEnabled":true,"loadImages":true,"localToRemoteUrlAccessEnabled":false,"userAgent":"Mozilla/5.0 (Unknown; Linux x86_64) AppleWebKit/538.1 (KHTML, like Gecko) PhantomJS/2.1.1 Safari/538.1","webSecurityEnabled":true}
[INFO  - 2017-04-10T17:57:31.256Z] Session [2aff3960-1e17-11e7-a6ed-c5b412045c4b] - page.customHeaders:  - {}
[INFO  - 2017-04-10T17:57:31.257Z] Session [2aff3960-1e17-11e7-a6ed-c5b412045c4b] - Session.negotiatedCapabilities - {"browserName":"phantomjs","version":"2.1.1","driverName":"ghostdriver","driverVersion":"1.2.0","platform":"linux-unknown-64bit","javascriptEnabled":true,"takesScreenshot":true,"handlesAlerts":false,"databaseEnabled":false,"locationContextEnabled":false,"applicationCacheEnabled":false,"browserConnectionEnabled":false,"cssSelectorsEnabled":true,"webStorageEnabled":false,"rotatable":false,"acceptSslCerts":false,"nativeEvents":true,"proxy":{"proxyType":"direct"}}
[INFO  - 2017-04-10T17:57:31.257Z] SessionManagerReqHand - _postNewSessionCommand - New Session Created: 2aff3960-1e17-11e7-a6ed-c5b412045c4b
[INFO  - 2017-04-10T17:57:34.508Z] ShutdownReqHand - _handle - About to shutdown
[INFO  - 2017-04-10T17:57:34.916Z] GhostDriver - Main - running on port 17962
[INFO  - 2017-04-10T17:57:34.926Z] Session [2d2f38c0-1e17-11e7-9ea1-17b25f793eb5] - page.settings - {"XSSAuditingEnabled":false,"javascriptCanCloseWindows":true,"javascriptCanOpenWindows":true,"javascriptEnabled":true,"loadImages":true,"localToRemoteUrlAccessEnabled":false,"userAgent":"Mozilla/5.0 (Unknown; Linux x86_64) AppleWebKit/538.1 (KHTML, like Gecko) PhantomJS/2.1.1 Safari/538.1","webSecurityEnabled":true}
[INFO  - 2017-04-10T17:57:34.926Z] Session [2d2f38c0-1e17-11e7-9ea1-17b25f793eb5] - page.customHeaders:  - {}
[INFO  - 2017-04-10T17:57:34.927Z] Session [2d2f38c0-1e17-11e7-9ea1-17b25f793eb5] - Session.negotiatedCapabilities - {"browserName":"phantomjs","version":"2.1.1","driverName":"ghostdriver","driverVersion":"1.2.0","platform":"linux-unknown-64bit","javascriptEnabled":true,"takesScreenshot":true,"handlesAlerts":false,"databaseEnabled":false,"locationContextEnabled":false,"applicationCacheEnabled":false,"browserConnectionEnabled":false,"cssSelectorsEnabled":true,"webStorageEnabled":false,"rotatable":false,"acceptSslCerts":false,"nativeEvents":true,"proxy":{"proxyType":"direct"}}
[INFO  - 2017-04-10T17:57:34.927Z] SessionManagerReqHand - _postNewSessionCommand - New Session Created: 2d2f38c0-1e17-11e7-9ea1-17b25f793eb5
[INFO  - 2017-04-10T17:57:37.432Z] ShutdownReqHand - _handle - About to shutdown
[INFO  - 2017-04-10T18:00:10.463Z] SessionManagerReqHand - _cleanupWindowlessSessions - Asynchronous Sessions clean-up phase starting NOW
[INFO  - 2017-04-10T18:05:10.464Z] SessionManagerReqHand - _cleanupWindowlessSessions - Asynchronous Sessions clean-up phase starting NOW
[INFO  - 2017-04-10T18:10:10.464Z] SessionManagerReqHand - _cleanupWindowlessSessions - Asynchronous Sessions clean-up phase starting NOW
[INFO  - 2017-04-10T18:12:52.994Z] GhostDriver - Main - running on port 24844
[INFO  - 2017-04-10T18:12:53.154Z] Session [507db200-1e19-11e7-9324-53f95b2d0bd2] - page.settings - {"XSSAuditingEnabled":false,"javascriptCanCloseWindows":true,"javascriptCanOpenWindows":true,"javascriptEnabled":true,"loadImages":true,"localToRemoteUrlAccessEnabled":false,"userAgent":"Mozilla/5.0 (Unknown; Linux x86_64) AppleWebKit/538.1 (KHTML, like Gecko) PhantomJS/2.1.1 Safari/538.1","webSecurityEnabled":true}
[INFO  - 2017-04-10T18:12:53.154Z] Session [507db200-1e19-11e7-9324-53f95b2d0bd2] - page.customHeaders:  - {}
[INFO  - 2017-04-10T18:12:53.155Z] Session [507db200-1e19-11e7-9324-53f95b2d0bd2] - Session.negotiatedCapabilities - {"browserName":"phantomjs","version":"2.1.1","driverName":"ghostdriver","driverVersion":"1.2.0","platform":"linux-unknown-64bit","javascriptEnabled":true,"takesScreenshot":true,"handlesAlerts":false,"databaseEnabled":false,"locationContextEnabled":false,"applicationCacheEnabled":false,"browserConnectionEnabled":false,"cssSelectorsEnabled":true,"webStorageEnabled":false,"rotatable":false,"acceptSslCerts":false,"nativeEvents":true,"proxy":{"proxyType":"direct"}}
[INFO  - 2017-04-10T18:12:53.155Z] SessionManagerReqHand - _postNewSessionCommand - New Session Created: 507db200-1e19-11e7-9324-53f95b2d0bd2
[INFO  - 2017-04-10T18:12:56.508Z] ShutdownReqHand - _handle - About to shutdown
[INFO  - 2017-04-10T18:12:56.929Z] GhostDriver - Main - running on port 6299
[INFO  - 2017-04-10T18:12:56.941Z] Session [52bf64a0-1e19-11e7-939b-6187ae6d5c63] - page.settings - {"XSSAuditingEnabled":false,"javascriptCanCloseWindows":true,"javascriptCanOpenWindows":true,"javascriptEnabled":true,"loadImages":true,"localToRemoteUrlAccessEnabled":false,"userAgent":"Mozilla/5.0 (Unknown; Linux x86_64) AppleWebKit/538.1 (KHTML, like Gecko) PhantomJS/2.1.1 Safari/538.1","webSecurityEnabled":true}
[INFO  - 2017-04-10T18:12:56.941Z] Session [52bf64a0-1e19-11e7-939b-6187ae6d5c63] - page.customHeaders:  - {}
[INFO  - 2017-04-10T18:12:56.941Z] Session [52bf64a0-1e19-11e7-939b-6187ae6d5c63] - Session.negotiatedCapabilities - {"browserName":"phantomjs","version":"2.1.1","driverName":"ghostdriver","driverVersion":"1.2.0","platform":"linux-unknown-64bit","javascriptEnabled":true,"takesScreenshot":true,"handlesAlerts":false,"databaseEnabled":false,"locationContextEnabled":false,"applicationCacheEnabled":false,"browserConnectionEnabled":false,"cssSelectorsEnabled":true,"webStorageEnabled":false,"rotatable":false,"acceptSslCerts":false,"nativeEvents":true,"proxy":{"proxyType":"direct"}}
[INFO  - 2017-04-10T18:12:56.941Z] SessionManagerReqHand - _postNewSessionCommand - New Session Created: 52bf64a0-1e19-11e7-939b-6187ae6d5c63
[ERROR - 2017-04-10T18:13:05.094Z] WebElementLocator - _handleLocateCommand - Element(s) NOT Found: GAVE UP. Search Stop Time: 1491847985092
[INFO  - 2017-04-10T18:13:05.331Z] ShutdownReqHand - _handle - About to shutdown
[INFO  - 2017-04-10T18:14:05.603Z] GhostDriver - Main - running on port 15749
[INFO  - 2017-04-10T18:14:05.689Z] Session [7bb98160-1e19-11e7-8ec2-e595f19ff18d] - page.settings - {"XSSAuditingEnabled":false,"javascriptCanCloseWindows":true,"javascriptCanOpenWindows":true,"javascriptEnabled":true,"loadImages":true,"localToRemoteUrlAccessEnabled":false,"userAgent":"Mozilla/5.0 (Unknown; Linux x86_64) AppleWebKit/538.1 (KHTML, like Gecko) PhantomJS/2.1.1 Safari/538.1","webSecurityEnabled":true}
[INFO  - 2017-04-10T18:14:05.689Z] Session [7bb98160-1e19-11e7-8ec2-e595f19ff18d] - page.customHeaders:  - {}
[INFO  - 2017-04-10T18:14:05.689Z] Session [7bb98160-1e19-11e7-8ec2-e595f19ff18d] - Session.negotiatedCapabilities - {"browserName":"phantomjs","version":"2.1.1","driverName":"ghostdriver","driverVersion":"1.2.0","platform":"linux-unknown-64bit","javascriptEnabled":true,"takesScreenshot":true,"handlesAlerts":false,"databaseEnabled":false,"locationContextEnabled":false,"applicationCacheEnabled":false,"browserConnectionEnabled":false,"cssSelectorsEnabled":true,"webStorageEnabled":false,"rotatable":false,"acceptSslCerts":false,"nativeEvents":true,"proxy":{"proxyType":"direct"}}
[INFO  - 2017-04-10T18:14:05.689Z] SessionManagerReqHand - _postNewSessionCommand - New Session Created: 7bb98160-1e19-11e7-8ec2-e595f19ff18d
[INFO  - 2017-04-10T18:14:09.164Z] ShutdownReqHand - _handle - About to shutdown
[INFO  - 2017-04-10T18:14:09.575Z] GhostDriver - Main - running on port 11767
[INFO  - 2017-04-10T18:14:09.589Z] Session [7e0c7210-1e19-11e7-a8d2-1d0025563223] - page.settings - {"XSSAuditingEnabled":false,"javascriptCanCloseWindows":true,"javascriptCanOpenWindows":true,"javascriptEnabled":true,"loadImages":true,"localToRemoteUrlAccessEnabled":false,"userAgent":"Mozilla/5.0 (Unknown; Linux x86_64) AppleWebKit/538.1 (KHTML, like Gecko) PhantomJS/2.1.1 Safari/538.1","webSecurityEnabled":true}
[INFO  - 2017-04-10T18:14:09.589Z] Session [7e0c7210-1e19-11e7-a8d2-1d0025563223] - page.customHeaders:  - {}
[INFO  - 2017-04-10T18:14:09.589Z] Session [7e0c7210-1e19-11e7-a8d2-1d0025563223] - Session.negotiatedCapabilities - {"browserName":"phantomjs","version":"2.1.1","driverName":"ghostdriver","driverVersion":"1.2.0","platform":"linux-unknown-64bit","javascriptEnabled":true,"takesScreenshot":true,"handlesAlerts":false,"databaseEnabled":false,"locationContextEnabled":false,"applicationCacheEnabled":false,"browserConnectionEnabled":false,"cssSelectorsEnabled":true,"webStorageEnabled":false,"rotatable":false,"acceptSslCerts":false,"nativeEvents":true,"proxy":{"proxyType":"direct"}}
[INFO  - 2017-04-10T18:14:09.589Z] SessionManagerReqHand - _postNewSessionCommand - New Session Created: 7e0c7210-1e19-11e7-a8d2-1d0025563223
[ERROR - 2017-04-10T18:14:19.667Z] WebElementLocator - _handleLocateCommand - Element(s) NOT Found: GAVE UP. Search Stop Time: 1491848059623
[INFO  - 2017-04-10T18:14:19.899Z] ShutdownReqHand - _handle - About to shutdown
[INFO  - 2017-04-10T18:15:10.463Z] SessionManagerReqHand - _cleanupWindowlessSessions - Asynchronous Sessions clean-up phase starting NOW
[INFO  - 2017-04-10T18:15:33.231Z] GhostDriver - Main - running on port 9503
[INFO  - 2017-04-10T18:15:33.318Z] Session [aff4a130-1e19-11e7-a969-33b2fad40503] - page.settings - {"XSSAuditingEnabled":false,"javascriptCanCloseWindows":true,"javascriptCanOpenWindows":true,"javascriptEnabled":true,"loadImages":true,"localToRemoteUrlAccessEnabled":false,"userAgent":"Mozilla/5.0 (Unknown; Linux x86_64) AppleWebKit/538.1 (KHTML, like Gecko) PhantomJS/2.1.1 Safari/538.1","webSecurityEnabled":true}
[INFO  - 2017-04-10T18:15:33.318Z] Session [aff4a130-1e19-11e7-a969-33b2fad40503] - page.customHeaders:  - {}
[INFO  - 2017-04-10T18:15:33.318Z] Session [aff4a130-1e19-11e7-a969-33b2fad40503] - Session.negotiatedCapabilities - {"browserName":"phantomjs","version":"2.1.1","driverName":"ghostdriver","driverVersion":"1.2.0","platform":"linux-unknown-64bit","javascriptEnabled":true,"takesScreenshot":true,"handlesAlerts":false,"databaseEnabled":false,"locationContextEnabled":false,"applicationCacheEnabled":false,"browserConnectionEnabled":false,"cssSelectorsEnabled":true,"webStorageEnabled":false,"rotatable":false,"acceptSslCerts":false,"nativeEvents":true,"proxy":{"proxyType":"direct"}}
[INFO  - 2017-04-10T18:15:33.318Z] SessionManagerReqHand - _postNewSessionCommand - New Session Created: aff4a130-1e19-11e7-a969-33b2fad40503
[INFO  - 2017-04-10T18:15:36.720Z] ShutdownReqHand - _handle - About to shutdown
[INFO  - 2017-04-10T18:15:37.136Z] GhostDriver - Main - running on port 6998
[INFO  - 2017-04-10T18:15:37.148Z] Session [b23d0a90-1e19-11e7-96f0-458449248755] - page.settings - {"XSSAuditingEnabled":false,"javascriptCanCloseWindows":true,"javascriptCanOpenWindows":true,"javascriptEnabled":true,"loadImages":true,"localToRemoteUrlAccessEnabled":false,"userAgent":"Mozilla/5.0 (Unknown; Linux x86_64) AppleWebKit/538.1 (KHTML, like Gecko) PhantomJS/2.1.1 Safari/538.1","webSecurityEnabled":true}
[INFO  - 2017-04-10T18:15:37.148Z] Session [b23d0a90-1e19-11e7-96f0-458449248755] - page.customHeaders:  - {}
[INFO  - 2017-04-10T18:15:37.148Z] Session [b23d0a90-1e19-11e7-96f0-458449248755] - Session.negotiatedCapabilities - {"browserName":"phantomjs","version":"2.1.1","driverName":"ghostdriver","driverVersion":"1.2.0","platform":"linux-unknown-64bit","javascriptEnabled":true,"takesScreenshot":true,"handlesAlerts":false,"databaseEnabled":false,"locationContextEnabled":false,"applicationCacheEnabled":false,"browserConnectionEnabled":false,"cssSelectorsEnabled":true,"webStorageEnabled":false,"rotatable":false,"acceptSslCerts":false,"nativeEvents":true,"proxy":{"proxyType":"direct"}}
[INFO  - 2017-04-10T18:15:37.148Z] SessionManagerReqHand - _postNewSessionCommand - New Session Created: b23d0a90-1e19-11e7-96f0-458449248755
[INFO  - 2017-04-10T18:15:39.911Z] ShutdownReqHand - _handle - About to shutdown
[INFO  - 2017-04-10T18:17:47.955Z] GhostDriver - Main - running on port 5604
[INFO  - 2017-04-10T18:17:48.044Z] Session [00422f90-1e1a-11e7-9e8f-df9c9fd86b08] - page.settings - {"XSSAuditingEnabled":false,"javascriptCanCloseWindows":true,"javascriptCanOpenWindows":true,"javascriptEnabled":true,"loadImages":true,"localToRemoteUrlAccessEnabled":false,"userAgent":"Mozilla/5.0 (Unknown; Linux x86_64) AppleWebKit/538.1 (KHTML, like Gecko) PhantomJS/2.1.1 Safari/538.1","webSecurityEnabled":true}
[INFO  - 2017-04-10T18:17:48.044Z] Session [00422f90-1e1a-11e7-9e8f-df9c9fd86b08] - page.customHeaders:  - {}
[INFO  - 2017-04-10T18:17:48.044Z] Session [00422f90-1e1a-11e7-9e8f-df9c9fd86b08] - Session.negotiatedCapabilities - {"browserName":"phantomjs","version":"2.1.1","driverName":"ghostdriver","driverVersion":"1.2.0","platform":"linux-unknown-64bit","javascriptEnabled":true,"takesScreenshot":true,"handlesAlerts":false,"databaseEnabled":false,"locationContextEnabled":false,"applicationCacheEnabled":false,"browserConnectionEnabled":false,"cssSelectorsEnabled":true,"webStorageEnabled":false,"rotatable":false,"acceptSslCerts":false,"nativeEvents":true,"proxy":{"proxyType":"direct"}}
[INFO  - 2017-04-10T18:17:48.044Z] SessionManagerReqHand - _postNewSessionCommand - New Session Created: 00422f90-1e1a-11e7-9e8f-df9c9fd86b08
[INFO  - 2017-04-10T18:17:51.539Z] ShutdownReqHand - _handle - About to shutdown
[INFO  - 2017-04-10T18:17:51.946Z] GhostDriver - Main - running on port 6612
[INFO  - 2017-04-10T18:17:51.959Z] Session [02979140-1e1a-11e7-acb4-abf8bfb4fe7f] - page.settings - {"XSSAuditingEnabled":false,"javascriptCanCloseWindows":true,"javascriptCanOpenWindows":true,"javascriptEnabled":true,"loadImages":true,"localToRemoteUrlAccessEnabled":false,"userAgent":"Mozilla/5.0 (Unknown; Linux x86_64) AppleWebKit/538.1 (KHTML, like Gecko) PhantomJS/2.1.1 Safari/538.1","webSecurityEnabled":true}
[INFO  - 2017-04-10T18:17:51.959Z] Session [02979140-1e1a-11e7-acb4-abf8bfb4fe7f] - page.customHeaders:  - {}
[INFO  - 2017-04-10T18:17:51.959Z] Session [02979140-1e1a-11e7-acb4-abf8bfb4fe7f] - Session.negotiatedCapabilities - {"browserName":"phantomjs","version":"2.1.1","driverName":"ghostdriver","driverVersion":"1.2.0","platform":"linux-unknown-64bit","javascriptEnabled":true,"takesScreenshot":true,"handlesAlerts":false,"databaseEnabled":false,"locationContextEnabled":false,"applicationCacheEnabled":false,"browserConnectionEnabled":false,"cssSelectorsEnabled":true,"webStorageEnabled":false,"rotatable":false,"acceptSslCerts":false,"nativeEvents":true,"proxy":{"proxyType":"direct"}}
[INFO  - 2017-04-10T18:17:51.959Z] SessionManagerReqHand - _postNewSessionCommand - New Session Created: 02979140-1e1a-11e7-acb4-abf8bfb4fe7f
[INFO  - 2017-04-10T18:17:54.743Z] ShutdownReqHand - _handle - About to shutdown
[INFO  - 2017-04-10T18:19:22.030Z] GhostDriver - Main - running on port 1749
[INFO  - 2017-04-10T18:19:22.105Z] Session [3852e870-1e1a-11e7-b147-6b547a4fb5d7] - page.settings - {"XSSAuditingEnabled":false,"javascriptCanCloseWindows":true,"javascriptCanOpenWindows":true,"javascriptEnabled":true,"loadImages":true,"localToRemoteUrlAccessEnabled":false,"userAgent":"Mozilla/5.0 (Unknown; Linux x86_64) AppleWebKit/538.1 (KHTML, like Gecko) PhantomJS/2.1.1 Safari/538.1","webSecurityEnabled":true}
[INFO  - 2017-04-10T18:19:22.105Z] Session [3852e870-1e1a-11e7-b147-6b547a4fb5d7] - page.customHeaders:  - {}
[INFO  - 2017-04-10T18:19:22.105Z] Session [3852e870-1e1a-11e7-b147-6b547a4fb5d7] - Session.negotiatedCapabilities - {"browserName":"phantomjs","version":"2.1.1","driverName":"ghostdriver","driverVersion":"1.2.0","platform":"linux-unknown-64bit","javascriptEnabled":true,"takesScreenshot":true,"handlesAlerts":false,"databaseEnabled":false,"locationContextEnabled":false,"applicationCacheEnabled":false,"browserConnectionEnabled":false,"cssSelectorsEnabled":true,"webStorageEnabled":false,"rotatable":false,"acceptSslCerts":false,"nativeEvents":true,"proxy":{"proxyType":"direct"}}
[INFO  - 2017-04-10T18:19:22.106Z] SessionManagerReqHand - _postNewSessionCommand - New Session Created: 3852e870-1e1a-11e7-b147-6b547a4fb5d7
[INFO  - 2017-04-10T18:19:25.167Z] ShutdownReqHand - _handle - About to shutdown
[INFO  - 2017-04-10T18:20:10.463Z] SessionManagerReqHand - _cleanupWindowlessSessions - Asynchronous Sessions clean-up phase starting NOW
[INFO  - 2017-04-10T18:25:10.463Z] SessionManagerReqHand - _cleanupWindowlessSessions - Asynchronous Sessions clean-up phase starting NOW
[INFO  - 2017-04-10T18:25:31.875Z] GhostDriver - Main - running on port 17123
[INFO  - 2017-04-10T18:25:31.955Z] Session [14c56300-1e1b-11e7-be84-0749fd449323] - page.settings - {"XSSAuditingEnabled":false,"javascriptCanCloseWindows":true,"javascriptCanOpenWindows":true,"javascriptEnabled":true,"loadImages":true,"localToRemoteUrlAccessEnabled":false,"userAgent":"Mozilla/5.0 (Unknown; Linux x86_64) AppleWebKit/538.1 (KHTML, like Gecko) PhantomJS/2.1.1 Safari/538.1","webSecurityEnabled":true}
[INFO  - 2017-04-10T18:25:31.955Z] Session [14c56300-1e1b-11e7-be84-0749fd449323] - page.customHeaders:  - {}
[INFO  - 2017-04-10T18:25:31.955Z] Session [14c56300-1e1b-11e7-be84-0749fd449323] - Session.negotiatedCapabilities - {"browserName":"phantomjs","version":"2.1.1","driverName":"ghostdriver","driverVersion":"1.2.0","platform":"linux-unknown-64bit","javascriptEnabled":true,"takesScreenshot":true,"handlesAlerts":false,"databaseEnabled":false,"locationContextEnabled":false,"applicationCacheEnabled":false,"browserConnectionEnabled":false,"cssSelectorsEnabled":true,"webStorageEnabled":false,"rotatable":false,"acceptSslCerts":false,"nativeEvents":true,"proxy":{"proxyType":"direct"}}
[INFO  - 2017-04-10T18:25:31.955Z] SessionManagerReqHand - _postNewSessionCommand - New Session Created: 14c56300-1e1b-11e7-be84-0749fd449323
[INFO  - 2017-04-10T18:25:37.836Z] ShutdownReqHand - _handle - About to shutdown
[INFO  - 2017-04-10T18:26:25.281Z] GhostDriver - Main - running on port 10368
[INFO  - 2017-04-10T18:26:25.385Z] Session [349e2860-1e1b-11e7-9c3b-975022d22cce] - page.settings - {"XSSAuditingEnabled":false,"javascriptCanCloseWindows":true,"javascriptCanOpenWindows":true,"javascriptEnabled":true,"loadImages":true,"localToRemoteUrlAccessEnabled":false,"userAgent":"Mozilla/5.0 (Unknown; Linux x86_64) AppleWebKit/538.1 (KHTML, like Gecko) PhantomJS/2.1.1 Safari/538.1","webSecurityEnabled":true}
[INFO  - 2017-04-10T18:26:25.385Z] Session [349e2860-1e1b-11e7-9c3b-975022d22cce] - page.customHeaders:  - {}
[INFO  - 2017-04-10T18:26:25.385Z] Session [349e2860-1e1b-11e7-9c3b-975022d22cce] - Session.negotiatedCapabilities - {"browserName":"phantomjs","version":"2.1.1","driverName":"ghostdriver","driverVersion":"1.2.0","platform":"linux-unknown-64bit","javascriptEnabled":true,"takesScreenshot":true,"handlesAlerts":false,"databaseEnabled":false,"locationContextEnabled":false,"applicationCacheEnabled":false,"browserConnectionEnabled":false,"cssSelectorsEnabled":true,"webStorageEnabled":false,"rotatable":false,"acceptSslCerts":false,"nativeEvents":true,"proxy":{"proxyType":"direct"}}
[INFO  - 2017-04-10T18:26:25.385Z] SessionManagerReqHand - _postNewSessionCommand - New Session Created: 349e2860-1e1b-11e7-9c3b-975022d22cce
[INFO  - 2017-04-10T18:26:28.884Z] ShutdownReqHand - _handle - About to shutdown
[INFO  - 2017-04-10T18:26:29.291Z] GhostDriver - Main - running on port 31032
[INFO  - 2017-04-10T18:26:29.303Z] Session [36f42650-1e1b-11e7-a194-6fafe393c595] - page.settings - {"XSSAuditingEnabled":false,"javascriptCanCloseWindows":true,"javascriptCanOpenWindows":true,"javascriptEnabled":true,"loadImages":true,"localToRemoteUrlAccessEnabled":false,"userAgent":"Mozilla/5.0 (Unknown; Linux x86_64) AppleWebKit/538.1 (KHTML, like Gecko) PhantomJS/2.1.1 Safari/538.1","webSecurityEnabled":true}
[INFO  - 2017-04-10T18:26:29.303Z] Session [36f42650-1e1b-11e7-a194-6fafe393c595] - page.customHeaders:  - {}
[INFO  - 2017-04-10T18:26:29.304Z] Session [36f42650-1e1b-11e7-a194-6fafe393c595] - Session.negotiatedCapabilities - {"browserName":"phantomjs","version":"2.1.1","driverName":"ghostdriver","driverVersion":"1.2.0","platform":"linux-unknown-64bit","javascriptEnabled":true,"takesScreenshot":true,"handlesAlerts":false,"databaseEnabled":false,"locationContextEnabled":false,"applicationCacheEnabled":false,"browserConnectionEnabled":false,"cssSelectorsEnabled":true,"webStorageEnabled":false,"rotatable":false,"acceptSslCerts":false,"nativeEvents":true,"proxy":{"proxyType":"direct"}}
[INFO  - 2017-04-10T18:26:29.304Z] SessionManagerReqHand - _postNewSessionCommand - New Session Created: 36f42650-1e1b-11e7-a194-6fafe393c595
[INFO  - 2017-04-10T18:26:31.983Z] ShutdownReqHand - _handle - About to shutdown
[INFO  - 2017-04-10T18:30:10.464Z] SessionManagerReqHand - _cleanupWindowlessSessions - Asynchronous Sessions clean-up phase starting NOW
[INFO  - 2017-04-10T18:35:10.463Z] SessionManagerReqHand - _cleanupWindowlessSessions - Asynchronous Sessions clean-up phase starting NOW
[INFO  - 2017-04-10T18:40:10.463Z] SessionManagerReqHand - _cleanupWindowlessSessions - Asynchronous Sessions clean-up phase starting NOW
[INFO  - 2017-04-10T18:45:10.463Z] SessionManagerReqHand - _cleanupWindowlessSessions - Asynchronous Sessions clean-up phase starting NOW
[INFO  - 2017-04-10T18:47:51.519Z] GhostDriver - Main - running on port 2397
[INFO  - 2017-04-10T18:47:51.618Z] Session [3345bcf0-1e1e-11e7-9527-dbe059dfef6c] - page.settings - {"XSSAuditingEnabled":false,"javascriptCanCloseWindows":true,"javascriptCanOpenWindows":true,"javascriptEnabled":true,"loadImages":true,"localToRemoteUrlAccessEnabled":false,"userAgent":"Mozilla/5.0 (Unknown; Linux x86_64) AppleWebKit/538.1 (KHTML, like Gecko) PhantomJS/2.1.1 Safari/538.1","webSecurityEnabled":true}
[INFO  - 2017-04-10T18:47:51.618Z] Session [3345bcf0-1e1e-11e7-9527-dbe059dfef6c] - page.customHeaders:  - {}
[INFO  - 2017-04-10T18:47:51.619Z] Session [3345bcf0-1e1e-11e7-9527-dbe059dfef6c] - Session.negotiatedCapabilities - {"browserName":"phantomjs","version":"2.1.1","driverName":"ghostdriver","driverVersion":"1.2.0","platform":"linux-unknown-64bit","javascriptEnabled":true,"takesScreenshot":true,"handlesAlerts":false,"databaseEnabled":false,"locationContextEnabled":false,"applicationCacheEnabled":false,"browserConnectionEnabled":false,"cssSelectorsEnabled":true,"webStorageEnabled":false,"rotatable":false,"acceptSslCerts":false,"nativeEvents":true,"proxy":{"proxyType":"direct"}}
[INFO  - 2017-04-10T18:47:51.619Z] SessionManagerReqHand - _postNewSessionCommand - New Session Created: 3345bcf0-1e1e-11e7-9527-dbe059dfef6c
[INFO  - 2017-04-10T18:48:00.439Z] ShutdownReqHand - _handle - About to shutdown
[INFO  - 2017-04-10T18:48:00.843Z] GhostDriver - Main - running on port 29629
[INFO  - 2017-04-10T18:48:00.853Z] Session [38c6e320-1e1e-11e7-8dd6-cfae79cca9b7] - page.settings - {"XSSAuditingEnabled":false,"javascriptCanCloseWindows":true,"javascriptCanOpenWindows":true,"javascriptEnabled":true,"loadImages":true,"localToRemoteUrlAccessEnabled":false,"userAgent":"Mozilla/5.0 (Unknown; Linux x86_64) AppleWebKit/538.1 (KHTML, like Gecko) PhantomJS/2.1.1 Safari/538.1","webSecurityEnabled":true}
[INFO  - 2017-04-10T18:48:00.853Z] Session [38c6e320-1e1e-11e7-8dd6-cfae79cca9b7] - page.customHeaders:  - {}
[INFO  - 2017-04-10T18:48:00.853Z] Session [38c6e320-1e1e-11e7-8dd6-cfae79cca9b7] - Session.negotiatedCapabilities - {"browserName":"phantomjs","version":"2.1.1","driverName":"ghostdriver","driverVersion":"1.2.0","platform":"linux-unknown-64bit","javascriptEnabled":true,"takesScreenshot":true,"handlesAlerts":false,"databaseEnabled":false,"locationContextEnabled":false,"applicationCacheEnabled":false,"browserConnectionEnabled":false,"cssSelectorsEnabled":true,"webStorageEnabled":false,"rotatable":false,"acceptSslCerts":false,"nativeEvents":true,"proxy":{"proxyType":"direct"}}
[INFO  - 2017-04-10T18:48:00.853Z] SessionManagerReqHand - _postNewSessionCommand - New Session Created: 38c6e320-1e1e-11e7-8dd6-cfae79cca9b7
[INFO  - 2017-04-10T18:48:03.859Z] ShutdownReqHand - _handle - About to shutdown
[INFO  - 2017-04-10T18:48:34.738Z] GhostDriver - Main - running on port 19697
[INFO  - 2017-04-10T18:48:34.828Z] Session [4d070f90-1e1e-11e7-ab59-f7b7b44dad14] - page.settings - {"XSSAuditingEnabled":false,"javascriptCanCloseWindows":true,"javascriptCanOpenWindows":true,"javascriptEnabled":true,"loadImages":true,"localToRemoteUrlAccessEnabled":false,"userAgent":"Mozilla/5.0 (Unknown; Linux x86_64) AppleWebKit/538.1 (KHTML, like Gecko) PhantomJS/2.1.1 Safari/538.1","webSecurityEnabled":true}
[INFO  - 2017-04-10T18:48:34.828Z] Session [4d070f90-1e1e-11e7-ab59-f7b7b44dad14] - page.customHeaders:  - {}
[INFO  - 2017-04-10T18:48:34.829Z] Session [4d070f90-1e1e-11e7-ab59-f7b7b44dad14] - Session.negotiatedCapabilities - {"browserName":"phantomjs","version":"2.1.1","driverName":"ghostdriver","driverVersion":"1.2.0","platform":"linux-unknown-64bit","javascriptEnabled":true,"takesScreenshot":true,"handlesAlerts":false,"databaseEnabled":false,"locationContextEnabled":false,"applicationCacheEnabled":false,"browserConnectionEnabled":false,"cssSelectorsEnabled":true,"webStorageEnabled":false,"rotatable":false,"acceptSslCerts":false,"nativeEvents":true,"proxy":{"proxyType":"direct"}}
[INFO  - 2017-04-10T18:48:34.829Z] SessionManagerReqHand - _postNewSessionCommand - New Session Created: 4d070f90-1e1e-11e7-ab59-f7b7b44dad14
[INFO  - 2017-04-10T18:48:38.495Z] ShutdownReqHand - _handle - About to shutdown
[INFO  - 2017-04-10T18:48:38.900Z] GhostDriver - Main - running on port 1959
[INFO  - 2017-04-10T18:48:38.910Z] Session [4f7613c0-1e1e-11e7-b4b5-5d75268188f9] - page.settings - {"XSSAuditingEnabled":false,"javascriptCanCloseWindows":true,"javascriptCanOpenWindows":true,"javascriptEnabled":true,"loadImages":true,"localToRemoteUrlAccessEnabled":false,"userAgent":"Mozilla/5.0 (Unknown; Linux x86_64) AppleWebKit/538.1 (KHTML, like Gecko) PhantomJS/2.1.1 Safari/538.1","webSecurityEnabled":true}
[INFO  - 2017-04-10T18:48:38.910Z] Session [4f7613c0-1e1e-11e7-b4b5-5d75268188f9] - page.customHeaders:  - {}
[INFO  - 2017-04-10T18:48:38.910Z] Session [4f7613c0-1e1e-11e7-b4b5-5d75268188f9] - Session.negotiatedCapabilities - {"browserName":"phantomjs","version":"2.1.1","driverName":"ghostdriver","driverVersion":"1.2.0","platform":"linux-unknown-64bit","javascriptEnabled":true,"takesScreenshot":true,"handlesAlerts":false,"databaseEnabled":false,"locationContextEnabled":false,"applicationCacheEnabled":false,"browserConnectionEnabled":false,"cssSelectorsEnabled":true,"webStorageEnabled":false,"rotatable":false,"acceptSslCerts":false,"nativeEvents":true,"proxy":{"proxyType":"direct"}}
[INFO  - 2017-04-10T18:48:38.910Z] SessionManagerReqHand - _postNewSessionCommand - New Session Created: 4f7613c0-1e1e-11e7-b4b5-5d75268188f9
[INFO  - 2017-04-10T18:48:41.710Z] ShutdownReqHand - _handle - About to shutdown
[INFO  - 2017-04-10T18:49:07.104Z] GhostDriver - Main - running on port 24300
[INFO  - 2017-04-10T18:49:07.192Z] Session [60516a50-1e1e-11e7-b7f7-51a81faa3aee] - page.settings - {"XSSAuditingEnabled":false,"javascriptCanCloseWindows":true,"javascriptCanOpenWindows":true,"javascriptEnabled":true,"loadImages":true,"localToRemoteUrlAccessEnabled":false,"userAgent":"Mozilla/5.0 (Unknown; Linux x86_64) AppleWebKit/538.1 (KHTML, like Gecko) PhantomJS/2.1.1 Safari/538.1","webSecurityEnabled":true}
[INFO  - 2017-04-10T18:49:07.192Z] Session [60516a50-1e1e-11e7-b7f7-51a81faa3aee] - page.customHeaders:  - {}
[INFO  - 2017-04-10T18:49:07.192Z] Session [60516a50-1e1e-11e7-b7f7-51a81faa3aee] - Session.negotiatedCapabilities - {"browserName":"phantomjs","version":"2.1.1","driverName":"ghostdriver","driverVersion":"1.2.0","platform":"linux-unknown-64bit","javascriptEnabled":true,"takesScreenshot":true,"handlesAlerts":false,"databaseEnabled":false,"locationContextEnabled":false,"applicationCacheEnabled":false,"browserConnectionEnabled":false,"cssSelectorsEnabled":true,"webStorageEnabled":false,"rotatable":false,"acceptSslCerts":false,"nativeEvents":true,"proxy":{"proxyType":"direct"}}
[INFO  - 2017-04-10T18:49:07.198Z] SessionManagerReqHand - _postNewSessionCommand - New Session Created: 60516a50-1e1e-11e7-b7f7-51a81faa3aee
[INFO  - 2017-04-10T18:49:11.512Z] ShutdownReqHand - _handle - About to shutdown
[INFO  - 2017-04-10T18:49:12.018Z] GhostDriver - Main - running on port 22419
[INFO  - 2017-04-10T18:49:12.029Z] Session [63337ba0-1e1e-11e7-9e2f-db3595fa8a27] - page.settings - {"XSSAuditingEnabled":false,"javascriptCanCloseWindows":true,"javascriptCanOpenWindows":true,"javascriptEnabled":true,"loadImages":true,"localToRemoteUrlAccessEnabled":false,"userAgent":"Mozilla/5.0 (Unknown; Linux x86_64) AppleWebKit/538.1 (KHTML, like Gecko) PhantomJS/2.1.1 Safari/538.1","webSecurityEnabled":true}
[INFO  - 2017-04-10T18:49:12.029Z] Session [63337ba0-1e1e-11e7-9e2f-db3595fa8a27] - page.customHeaders:  - {}
[INFO  - 2017-04-10T18:49:12.029Z] Session [63337ba0-1e1e-11e7-9e2f-db3595fa8a27] - Session.negotiatedCapabilities - {"browserName":"phantomjs","version":"2.1.1","driverName":"ghostdriver","driverVersion":"1.2.0","platform":"linux-unknown-64bit","javascriptEnabled":true,"takesScreenshot":true,"handlesAlerts":false,"databaseEnabled":false,"locationContextEnabled":false,"applicationCacheEnabled":false,"browserConnectionEnabled":false,"cssSelectorsEnabled":true,"webStorageEnabled":false,"rotatable":false,"acceptSslCerts":false,"nativeEvents":true,"proxy":{"proxyType":"direct"}}
[INFO  - 2017-04-10T18:49:12.029Z] SessionManagerReqHand - _postNewSessionCommand - New Session Created: 63337ba0-1e1e-11e7-9e2f-db3595fa8a27
[INFO  - 2017-04-10T18:49:15.836Z] ShutdownReqHand - _handle - About to shutdown
[INFO  - 2017-04-10T18:50:10.464Z] SessionManagerReqHand - _cleanupWindowlessSessions - Asynchronous Sessions clean-up phase starting NOW
[INFO  - 2017-04-10T18:55:10.463Z] SessionManagerReqHand - _cleanupWindowlessSessions - Asynchronous Sessions clean-up phase starting NOW
[INFO  - 2017-04-10T19:00:10.463Z] SessionManagerReqHand - _cleanupWindowlessSessions - Asynchronous Sessions clean-up phase starting NOW
[INFO  - 2017-04-10T19:05:10.463Z] SessionManagerReqHand - _cleanupWindowlessSessions - Asynchronous Sessions clean-up phase starting NOW
[INFO  - 2017-04-10T19:10:10.463Z] SessionManagerReqHand - _cleanupWindowlessSessions - Asynchronous Sessions clean-up phase starting NOW
[INFO  - 2017-04-10T19:15:10.463Z] SessionManagerReqHand - _cleanupWindowlessSessions - Asynchronous Sessions clean-up phase starting NOW
[INFO  - 2017-04-10T19:20:10.463Z] SessionManagerReqHand - _cleanupWindowlessSessions - Asynchronous Sessions clean-up phase starting NOW
[INFO  - 2017-04-10T19:25:10.463Z] SessionManagerReqHand - _cleanupWindowlessSessions - Asynchronous Sessions clean-up phase starting NOW
[INFO  - 2017-04-10T19:30:10.463Z] SessionManagerReqHand - _cleanupWindowlessSessions - Asynchronous Sessions clean-up phase starting NOW
[INFO  - 2017-04-10T19:35:10.464Z] SessionManagerReqHand - _cleanupWindowlessSessions - Asynchronous Sessions clean-up phase starting NOW
[INFO  - 2017-04-10T19:40:10.464Z] SessionManagerReqHand - _cleanupWindowlessSessions - Asynchronous Sessions clean-up phase starting NOW
[INFO  - 2017-04-10T19:45:10.464Z] SessionManagerReqHand - _cleanupWindowlessSessions - Asynchronous Sessions clean-up phase starting NOW
[INFO  - 2017-04-10T19:50:10.464Z] SessionManagerReqHand - _cleanupWindowlessSessions - Asynchronous Sessions clean-up phase starting NOW
[INFO  - 2017-04-10T19:55:10.464Z] SessionManagerReqHand - _cleanupWindowlessSessions - Asynchronous Sessions clean-up phase starting NOW
[INFO  - 2017-04-10T20:00:10.464Z] SessionManagerReqHand - _cleanupWindowlessSessions - Asynchronous Sessions clean-up phase starting NOW
[INFO  - 2017-04-11T08:26:30.963Z] GhostDriver - Main - running on port 3763
[INFO  - 2017-04-11T08:26:31.118Z] Session [90c6c8c0-1e90-11e7-b193-d3c38ba365d9] - page.settings - {"XSSAuditingEnabled":false,"javascriptCanCloseWindows":true,"javascriptCanOpenWindows":true,"javascriptEnabled":true,"loadImages":true,"localToRemoteUrlAccessEnabled":false,"userAgent":"Mozilla/5.0 (Unknown; Linux x86_64) AppleWebKit/538.1 (KHTML, like Gecko) PhantomJS/2.1.1 Safari/538.1","webSecurityEnabled":true}
[INFO  - 2017-04-11T08:26:31.118Z] Session [90c6c8c0-1e90-11e7-b193-d3c38ba365d9] - page.customHeaders:  - {}
[INFO  - 2017-04-11T08:26:31.119Z] Session [90c6c8c0-1e90-11e7-b193-d3c38ba365d9] - Session.negotiatedCapabilities - {"browserName":"phantomjs","version":"2.1.1","driverName":"ghostdriver","driverVersion":"1.2.0","platform":"linux-unknown-64bit","javascriptEnabled":true,"takesScreenshot":true,"handlesAlerts":false,"databaseEnabled":false,"locationContextEnabled":false,"applicationCacheEnabled":false,"browserConnectionEnabled":false,"cssSelectorsEnabled":true,"webStorageEnabled":false,"rotatable":false,"acceptSslCerts":false,"nativeEvents":true,"proxy":{"proxyType":"direct"}}
[INFO  - 2017-04-11T08:26:31.119Z] SessionManagerReqHand - _postNewSessionCommand - New Session Created: 90c6c8c0-1e90-11e7-b193-d3c38ba365d9
[INFO  - 2017-04-11T08:26:34.592Z] ShutdownReqHand - _handle - About to shutdown
[INFO  - 2017-04-11T08:26:34.993Z] GhostDriver - Main - running on port 7123
[INFO  - 2017-04-11T08:26:35.006Z] Session [9317e4b0-1e90-11e7-b1bd-13f1ba924651] - page.settings - {"XSSAuditingEnabled":false,"javascriptCanCloseWindows":true,"javascriptCanOpenWindows":true,"javascriptEnabled":true,"loadImages":true,"localToRemoteUrlAccessEnabled":false,"userAgent":"Mozilla/5.0 (Unknown; Linux x86_64) AppleWebKit/538.1 (KHTML, like Gecko) PhantomJS/2.1.1 Safari/538.1","webSecurityEnabled":true}
[INFO  - 2017-04-11T08:26:35.006Z] Session [9317e4b0-1e90-11e7-b1bd-13f1ba924651] - page.customHeaders:  - {}
[INFO  - 2017-04-11T08:26:35.006Z] Session [9317e4b0-1e90-11e7-b1bd-13f1ba924651] - Session.negotiatedCapabilities - {"browserName":"phantomjs","version":"2.1.1","driverName":"ghostdriver","driverVersion":"1.2.0","platform":"linux-unknown-64bit","javascriptEnabled":true,"takesScreenshot":true,"handlesAlerts":false,"databaseEnabled":false,"locationContextEnabled":false,"applicationCacheEnabled":false,"browserConnectionEnabled":false,"cssSelectorsEnabled":true,"webStorageEnabled":false,"rotatable":false,"acceptSslCerts":false,"nativeEvents":true,"proxy":{"proxyType":"direct"}}
[INFO  - 2017-04-11T08:26:35.006Z] SessionManagerReqHand - _postNewSessionCommand - New Session Created: 9317e4b0-1e90-11e7-b1bd-13f1ba924651
[INFO  - 2017-04-11T08:26:37.459Z] ShutdownReqHand - _handle - About to shutdown
